{"/Users/christhoval/Documents/dev/react/simple-personal-web/src/App.tsx": {"path":"/Users/christhoval/Documents/dev/react/simple-personal-web/src/App.tsx","statementMap":{"0":{"start":{"line":1,"column":0},"end":{"line":1,"column":30}},"1":{"start":{"line":3,"column":0},"end":{"line":3,"column":37}},"2":{"start":{"line":4,"column":0},"end":{"line":4,"column":34}},"3":{"start":{"line":5,"column":0},"end":{"line":5,"column":39}},"4":{"start":{"line":7,"column":19},"end":{"line":7,"column":null}},"5":{"start":{"line":7,"column":25},"end":{"line":13,"column":null}},"6":{"start":{"line":7,"column":13},"end":{"line":7,"column":19}},"7":{"start":{"line":15,"column":0},"end":{"line":15,"column":null}}},"fnMap":{"0":{"name":"(anonymous_6)","decl":{"start":{"line":7,"column":19},"end":{"line":7,"column":25}},"loc":{"start":{"line":7,"column":19},"end":{"line":7,"column":null}}}},"branchMap":{},"s":{"0":1,"1":1,"2":1,"3":1,"4":1,"5":3,"6":1,"7":1},"f":{"0":3},"b":{}}
,"/Users/christhoval/Documents/dev/react/simple-personal-web/src/globals.d.ts": {"path":"/Users/christhoval/Documents/dev/react/simple-personal-web/src/globals.d.ts","statementMap":{},"fnMap":{},"branchMap":{},"s":{},"f":{},"b":{},"inputSourceMap":null}
,"/Users/christhoval/Documents/dev/react/simple-personal-web/src/styles.d.ts": {"path":"/Users/christhoval/Documents/dev/react/simple-personal-web/src/styles.d.ts","statementMap":{},"fnMap":{},"branchMap":{},"s":{},"f":{},"b":{},"inputSourceMap":null}
,"/Users/christhoval/Documents/dev/react/simple-personal-web/src/atoms/Logo.tsx": {"path":"/Users/christhoval/Documents/dev/react/simple-personal-web/src/atoms/Logo.tsx","statementMap":{"0":{"start":{"line":1,"column":0},"end":{"line":1,"column":30}},"1":{"start":{"line":2,"column":0},"end":{"line":2,"column":38}},"2":{"start":{"line":8,"column":19},"end":{"line":21,"column":null}},"3":{"start":{"line":18,"column":32},"end":{"line":18,"column":34}},"4":{"start":{"line":18,"column":39},"end":{"line":18,"column":null}},"5":{"start":{"line":21,"column":26},"end":{"line":21,"column":null}},"6":{"start":{"line":24,"column":20},"end":{"line":24,"column":null}},"7":{"start":{"line":24,"column":32},"end":{"line":24,"column":41}},"8":{"start":{"line":24,"column":46},"end":{"line":34,"column":null}},"9":{"start":{"line":24,"column":13},"end":{"line":24,"column":20}},"10":{"start":{"line":36,"column":0},"end":{"line":36,"column":null}}},"fnMap":{"0":{"name":"(anonymous_8)","decl":{"start":{"line":18,"column":24},"end":{"line":18,"column":25}},"loc":{"start":{"line":18,"column":34},"end":{"line":18,"column":44}}},"1":{"name":"(anonymous_9)","decl":{"start":{"line":21,"column":15},"end":{"line":21,"column":16}},"loc":{"start":{"line":21,"column":21},"end":{"line":21,"column":27}}},"2":{"name":"(anonymous_10)","decl":{"start":{"line":24,"column":20},"end":{"line":24,"column":21}},"loc":{"start":{"line":24,"column":41},"end":{"line":24,"column":null}}}},"branchMap":{"0":{"loc":{"start":{"line":8,"column":29},"end":{"line":8,"column":36}},"type":"binary-expr","locations":[{"start":{"line":8,"column":29},"end":{"line":8,"column":36}},{"start":{"line":8,"column":29},"end":{"line":22,"column":null}}]},"1":{"loc":{"start":{"line":21,"column":45},"end":{"line":21,"column":51}},"type":"cond-expr","locations":[{"start":{"line":21,"column":45},"end":{"line":21,"column":51}},{"start":{"line":21,"column":54},"end":{"line":21,"column":68}}]},"2":{"loc":{"start":{"line":26,"column":9},"end":{"line":26,"column":19}},"type":"binary-expr","locations":[{"start":{"line":26,"column":9},"end":{"line":26,"column":19}},{"start":{"line":27,"column":12},"end":{"line":30,"column":null}}]}},"s":{"0":4,"1":4,"2":4,"3":12,"4":12,"5":12,"6":4,"7":12,"8":12,"9":4,"10":4},"f":{"0":12,"1":12,"2":12},"b":{"0":[4,4],"1":[1,11],"2":[12,11]}}
,"/Users/christhoval/Documents/dev/react/simple-personal-web/src/atoms/SocialLink.tsx": {"path":"/Users/christhoval/Documents/dev/react/simple-personal-web/src/atoms/SocialLink.tsx","statementMap":{"0":{"start":{"line":1,"column":0},"end":{"line":1,"column":30}},"1":{"start":{"line":2,"column":0},"end":{"line":2,"column":38}},"2":{"start":{"line":4,"column":25},"end":{"line":6,"column":null}},"3":{"start":{"line":12,"column":26},"end":{"line":21,"column":null}},"4":{"start":{"line":12,"column":37},"end":{"line":12,"column":42}},"5":{"start":{"line":12,"column":47},"end":{"line":12,"column":56}},"6":{"start":{"line":12,"column":61},"end":{"line":21,"column":null}},"7":{"start":{"line":12,"column":13},"end":{"line":12,"column":26}},"8":{"start":{"line":23,"column":0},"end":{"line":23,"column":null}}},"fnMap":{"0":{"name":"(anonymous_11)","decl":{"start":{"line":12,"column":26},"end":{"line":12,"column":27}},"loc":{"start":{"line":12,"column":56},"end":{"line":21,"column":null}}}},"branchMap":{"0":{"loc":{"start":{"line":4,"column":33},"end":{"line":4,"column":null}},"type":"binary-expr","locations":[{"start":{"line":4,"column":33},"end":{"line":4,"column":null}},{"start":{"line":4,"column":33},"end":{"line":6,"column":null}}]}},"s":{"0":4,"1":4,"2":4,"3":4,"4":38,"5":38,"6":38,"7":4,"8":4},"f":{"0":38},"b":{"0":[4,4]}}
,"/Users/christhoval/Documents/dev/react/simple-personal-web/src/atoms/Title.tsx": {"path":"/Users/christhoval/Documents/dev/react/simple-personal-web/src/atoms/Title.tsx","statementMap":{"0":{"start":{"line":1,"column":0},"end":{"line":1,"column":30}},"1":{"start":{"line":2,"column":0},"end":{"line":2,"column":38}},"2":{"start":{"line":4,"column":20},"end":{"line":10,"column":null}},"3":{"start":{"line":15,"column":21},"end":{"line":15,"column":43}},"4":{"start":{"line":15,"column":28},"end":{"line":15,"column":37}},"5":{"start":{"line":15,"column":42},"end":{"line":15,"column":null}},"6":{"start":{"line":15,"column":13},"end":{"line":15,"column":21}},"7":{"start":{"line":17,"column":0},"end":{"line":17,"column":null}}},"fnMap":{"0":{"name":"(anonymous_8)","decl":{"start":{"line":15,"column":21},"end":{"line":15,"column":22}},"loc":{"start":{"line":15,"column":37},"end":{"line":15,"column":43}}}},"branchMap":{"0":{"loc":{"start":{"line":4,"column":29},"end":{"line":4,"column":null}},"type":"binary-expr","locations":[{"start":{"line":4,"column":29},"end":{"line":4,"column":null}},{"start":{"line":4,"column":29},"end":{"line":10,"column":null}}]}},"s":{"0":8,"1":8,"2":8,"3":8,"4":32,"5":32,"6":8,"7":8},"f":{"0":32},"b":{"0":[8,8]}}
,"/Users/christhoval/Documents/dev/react/simple-personal-web/src/config/globalStyles.ts": {"path":"/Users/christhoval/Documents/dev/react/simple-personal-web/src/config/globalStyles.ts","statementMap":{"0":{"start":{"line":1,"column":0},"end":{"line":1,"column":52}},"1":{"start":{"line":3,"column":13},"end":{"line":126,"column":null}},"2":{"start":{"line":22,"column":25},"end":{"line":22,"column":27}},"3":{"start":{"line":22,"column":32},"end":{"line":22,"column":null}},"4":{"start":{"line":126,"column":36},"end":{"line":126,"column":38}},"5":{"start":{"line":126,"column":43},"end":{"line":126,"column":null}}},"fnMap":{"0":{"name":"(anonymous_1)","decl":{"start":{"line":22,"column":17},"end":{"line":22,"column":18}},"loc":{"start":{"line":22,"column":27},"end":{"line":22,"column":37}}},"1":{"name":"(anonymous_2)","decl":{"start":{"line":126,"column":28},"end":{"line":126,"column":29}},"loc":{"start":{"line":126,"column":38},"end":{"line":126,"column":48}}}},"branchMap":{"0":{"loc":{"start":{"line":3,"column":45},"end":{"line":3,"column":null}},"type":"binary-expr","locations":[{"start":{"line":3,"column":45},"end":{"line":3,"column":null}},{"start":{"line":3,"column":45},"end":{"line":144,"column":null}}]}},"s":{"0":8,"1":8,"2":23,"3":23,"4":23,"5":23},"f":{"0":23,"1":23},"b":{"0":[8,8]}}
,"/Users/christhoval/Documents/dev/react/simple-personal-web/src/hooks/useTheme.tsx": {"path":"/Users/christhoval/Documents/dev/react/simple-personal-web/src/hooks/useTheme.tsx","statementMap":{"0":{"start":{"line":1,"column":0},"end":{"line":1,"column":61}},"1":{"start":{"line":3,"column":24},"end":{"line":9,"column":1}},"2":{"start":{"line":4,"column":21},"end":{"line":4,"column":34}},"3":{"start":{"line":5,"column":22},"end":{"line":5,"column":null}},"4":{"start":{"line":7,"column":21},"end":{"line":7,"column":43}},"5":{"start":{"line":7,"column":35},"end":{"line":7,"column":null}},"6":{"start":{"line":8,"column":4},"end":{"line":8,"column":null}},"7":{"start":{"line":3,"column":13},"end":{"line":3,"column":24}}},"fnMap":{"0":{"name":"(anonymous_0)","decl":{"start":{"line":3,"column":24},"end":{"line":3,"column":null}},"loc":{"start":{"line":3,"column":24},"end":{"line":9,"column":1}}},"1":{"name":"(anonymous_1)","decl":{"start":{"line":7,"column":21},"end":{"line":7,"column":22}},"loc":{"start":{"line":7,"column":30},"end":{"line":7,"column":43}}}},"branchMap":{},"s":{"0":8,"1":8,"2":27,"3":27,"4":27,"5":1,"6":27,"7":8},"f":{"0":27,"1":1},"b":{}}
,"/Users/christhoval/Documents/dev/react/simple-personal-web/src/hooks/useVisibility.tsx": {"path":"/Users/christhoval/Documents/dev/react/simple-personal-web/src/hooks/useVisibility.tsx","statementMap":{"0":{"start":{"line":2,"column":0},"end":{"line":2,"column":54}},"1":{"start":{"line":3,"column":0},"end":{"line":3,"column":38}},"2":{"start":{"line":12,"column":4},"end":{"line":12,"column":null}},"3":{"start":{"line":13,"column":4},"end":{"line":13,"column":null}},"4":{"start":{"line":15,"column":38},"end":{"line":15,"column":53}},"5":{"start":{"line":15,"column":20},"end":{"line":15,"column":22}},"6":{"start":{"line":15,"column":34},"end":{"line":15,"column":38}},"7":{"start":{"line":16,"column":27},"end":{"line":16,"column":47}},"8":{"start":{"line":18,"column":21},"end":{"line":26,"column":28}},"9":{"start":{"line":19,"column":8},"end":{"line":22,"column":null}},"10":{"start":{"line":20,"column":12},"end":{"line":20,"column":null}},"11":{"start":{"line":21,"column":12},"end":{"line":21,"column":18}},"12":{"start":{"line":24,"column":27},"end":{"line":24,"column":null}},"13":{"start":{"line":25,"column":8},"end":{"line":25,"column":null}},"14":{"start":{"line":28,"column":4},"end":{"line":31,"column":null}},"15":{"start":{"line":29,"column":8},"end":{"line":29,"column":null}},"16":{"start":{"line":30,"column":8},"end":{"line":30,"column":null}},"17":{"start":{"line":30,"column":21},"end":{"line":30,"column":null}},"18":{"start":{"line":33,"column":4},"end":{"line":33,"column":null}},"19":{"start":{"line":11,"column":0},"end":{"line":11,"column":16}},"20":{"start":{"line":36,"column":0},"end":{"line":36,"column":null}}},"fnMap":{"0":{"name":"useVisibility","decl":{"start":{"line":11,"column":16},"end":{"line":11,"column":29}},"loc":{"start":{"line":13,"column":30},"end":{"line":34,"column":1}}},"1":{"name":"(anonymous_2)","decl":{"start":{"line":18,"column":30},"end":{"line":18,"column":null}},"loc":{"start":{"line":18,"column":30},"end":{"line":26,"column":5}}},"2":{"name":"(anonymous_3)","decl":{"start":{"line":28,"column":14},"end":{"line":28,"column":null}},"loc":{"start":{"line":28,"column":14},"end":{"line":31,"column":5}}},"3":{"name":"(anonymous_4)","decl":{"start":{"line":30,"column":15},"end":{"line":30,"column":21}},"loc":{"start":{"line":30,"column":15},"end":{"line":30,"column":27}}}},"branchMap":{"0":{"loc":{"start":{"line":12,"column":4},"end":{"line":12,"column":null}},"type":"if","locations":[{"start":{"line":12,"column":4},"end":{"line":12,"column":null}},{"start":{"line":12,"column":4},"end":{"line":12,"column":null}}]},"1":{"loc":{"start":{"line":13,"column":4},"end":{"line":13,"column":null}},"type":"if","locations":[{"start":{"line":13,"column":4},"end":{"line":13,"column":null}},{"start":{"line":13,"column":4},"end":{"line":13,"column":null}}]},"2":{"loc":{"start":{"line":19,"column":8},"end":{"line":22,"column":null}},"type":"if","locations":[{"start":{"line":19,"column":8},"end":{"line":22,"column":null}},{"start":{"line":19,"column":8},"end":{"line":22,"column":null}}]}},"s":{"0":4,"1":4,"2":12,"3":20,"4":10,"5":10,"6":10,"7":10,"8":10,"9":0,"10":0,"11":0,"12":0,"13":0,"14":10,"15":10,"16":10,"17":10,"18":10,"19":4,"20":4},"f":{"0":10,"1":0,"2":10,"3":10},"b":{"0":[2,8],"1":[10,0],"2":[0,0]}}
,"/Users/christhoval/Documents/dev/react/simple-personal-web/src/molecules/Project.tsx": {"path":"/Users/christhoval/Documents/dev/react/simple-personal-web/src/molecules/Project.tsx","statementMap":{"0":{"start":{"line":1,"column":0},"end":{"line":1,"column":25}},"1":{"start":{"line":2,"column":0},"end":{"line":2,"column":38}},"2":{"start":{"line":4,"column":22},"end":{"line":6,"column":null}},"3":{"start":{"line":8,"column":26},"end":{"line":33,"column":null}},"4":{"start":{"line":15,"column":32},"end":{"line":15,"column":34}},"5":{"start":{"line":15,"column":39},"end":{"line":15,"column":null}},"6":{"start":{"line":17,"column":21},"end":{"line":17,"column":23}},"7":{"start":{"line":17,"column":28},"end":{"line":17,"column":null}},"8":{"start":{"line":45,"column":23},"end":{"line":45,"column":null}},"9":{"start":{"line":45,"column":30},"end":{"line":45,"column":32}},"10":{"start":{"line":45,"column":35},"end":{"line":45,"column":37}},"11":{"start":{"line":45,"column":41},"end":{"line":45,"column":50}},"12":{"start":{"line":45,"column":55},"end":{"line":54,"column":null}},"13":{"start":{"line":45,"column":13},"end":{"line":45,"column":23}},"14":{"start":{"line":56,"column":0},"end":{"line":56,"column":null}}},"fnMap":{"0":{"name":"(anonymous_2)","decl":{"start":{"line":15,"column":24},"end":{"line":15,"column":25}},"loc":{"start":{"line":15,"column":34},"end":{"line":15,"column":44}}},"1":{"name":"(anonymous_3)","decl":{"start":{"line":17,"column":13},"end":{"line":17,"column":14}},"loc":{"start":{"line":17,"column":23},"end":{"line":17,"column":33}}},"2":{"name":"(anonymous_4)","decl":{"start":{"line":45,"column":23},"end":{"line":45,"column":24}},"loc":{"start":{"line":45,"column":50},"end":{"line":45,"column":null}}}},"branchMap":{"0":{"loc":{"start":{"line":4,"column":33},"end":{"line":4,"column":null}},"type":"binary-expr","locations":[{"start":{"line":4,"column":33},"end":{"line":4,"column":null}},{"start":{"line":4,"column":33},"end":{"line":6,"column":null}}]},"1":{"loc":{"start":{"line":8,"column":37},"end":{"line":8,"column":null}},"type":"binary-expr","locations":[{"start":{"line":8,"column":37},"end":{"line":8,"column":null}},{"start":{"line":8,"column":37},"end":{"line":37,"column":null}}]},"2":{"loc":{"start":{"line":47,"column":44},"end":{"line":47,"column":47}},"type":"binary-expr","locations":[{"start":{"line":47,"column":44},"end":{"line":47,"column":47}},{"start":{"line":47,"column":51},"end":{"line":47,"column":54}}]}},"s":{"0":4,"1":4,"2":4,"3":4,"4":39,"5":39,"6":39,"7":39,"8":4,"9":39,"10":39,"11":39,"12":39,"13":4,"14":4},"f":{"0":39,"1":39,"2":39},"b":{"0":[4,4],"1":[4,4],"2":[39,9]}}
,"/Users/christhoval/Documents/dev/react/simple-personal-web/src/molecules/Section.tsx": {"path":"/Users/christhoval/Documents/dev/react/simple-personal-web/src/molecules/Section.tsx","statementMap":{"0":{"start":{"line":1,"column":0},"end":{"line":1,"column":25}},"1":{"start":{"line":3,"column":0},"end":{"line":3,"column":37}},"2":{"start":{"line":9,"column":23},"end":{"line":14,"column":null}},"3":{"start":{"line":9,"column":31},"end":{"line":9,"column":33}},"4":{"start":{"line":9,"column":41},"end":{"line":9,"column":46}},"5":{"start":{"line":9,"column":51},"end":{"line":9,"column":60}},"6":{"start":{"line":9,"column":65},"end":{"line":14,"column":null}},"7":{"start":{"line":9,"column":13},"end":{"line":9,"column":23}},"8":{"start":{"line":16,"column":0},"end":{"line":16,"column":null}}},"fnMap":{"0":{"name":"(anonymous_4)","decl":{"start":{"line":9,"column":23},"end":{"line":9,"column":24}},"loc":{"start":{"line":9,"column":60},"end":{"line":14,"column":null}}}},"branchMap":{"0":{"loc":{"start":{"line":11,"column":9},"end":{"line":11,"column":14}},"type":"binary-expr","locations":[{"start":{"line":11,"column":9},"end":{"line":11,"column":14}},{"start":{"line":11,"column":18},"end":{"line":11,"column":40}}]}},"s":{"0":7,"1":7,"2":7,"3":39,"4":39,"5":39,"6":39,"7":7,"8":7},"f":{"0":39},"b":{"0":[39,30]}}
,"/Users/christhoval/Documents/dev/react/simple-personal-web/src/organims/Bio.tsx": {"path":"/Users/christhoval/Documents/dev/react/simple-personal-web/src/organims/Bio.tsx","statementMap":{"0":{"start":{"line":1,"column":0},"end":{"line":1,"column":30}},"1":{"start":{"line":3,"column":0},"end":{"line":3,"column":53}},"2":{"start":{"line":4,"column":0},"end":{"line":4,"column":35}},"3":{"start":{"line":6,"column":0},"end":{"line":6,"column":45}},"4":{"start":{"line":8,"column":19},"end":{"line":22,"column":1}},"5":{"start":{"line":9,"column":40},"end":{"line":9,"column":74}},"6":{"start":{"line":9,"column":20},"end":{"line":9,"column":22}},"7":{"start":{"line":9,"column":36},"end":{"line":9,"column":40}},"8":{"start":{"line":11,"column":4},"end":{"line":21,"column":null}},"9":{"start":{"line":8,"column":13},"end":{"line":8,"column":19}},"10":{"start":{"line":24,"column":0},"end":{"line":24,"column":null}}},"fnMap":{"0":{"name":"(anonymous_6)","decl":{"start":{"line":8,"column":19},"end":{"line":8,"column":null}},"loc":{"start":{"line":8,"column":19},"end":{"line":22,"column":1}}}},"branchMap":{},"s":{"0":3,"1":3,"2":3,"3":3,"4":3,"5":8,"6":8,"7":8,"8":8,"9":3,"10":3},"f":{"0":8},"b":{}}
,"/Users/christhoval/Documents/dev/react/simple-personal-web/src/organims/Clients.tsx": {"path":"/Users/christhoval/Documents/dev/react/simple-personal-web/src/organims/Clients.tsx","statementMap":{"0":{"start":{"line":1,"column":0},"end":{"line":1,"column":30}},"1":{"start":{"line":3,"column":0},"end":{"line":3,"column":45}},"2":{"start":{"line":5,"column":31},"end":{"line":13,"column":null}},"3":{"start":{"line":14,"column":23},"end":{"line":14,"column":null}},"4":{"start":{"line":14,"column":29},"end":{"line":16,"column":null}},"5":{"start":{"line":14,"column":13},"end":{"line":14,"column":23}},"6":{"start":{"line":18,"column":0},"end":{"line":18,"column":null}}},"fnMap":{"0":{"name":"(anonymous_6)","decl":{"start":{"line":14,"column":23},"end":{"line":14,"column":29}},"loc":{"start":{"line":14,"column":23},"end":{"line":14,"column":null}}}},"branchMap":{},"s":{"0":3,"1":3,"2":3,"3":3,"4":9,"5":3,"6":3},"f":{"0":9},"b":{}}
,"/Users/christhoval/Documents/dev/react/simple-personal-web/src/organims/Projects.tsx": {"path":"/Users/christhoval/Documents/dev/react/simple-personal-web/src/organims/Projects.tsx","statementMap":{"0":{"start":{"line":1,"column":0},"end":{"line":1,"column":30}},"1":{"start":{"line":3,"column":0},"end":{"line":3,"column":45}},"2":{"start":{"line":4,"column":0},"end":{"line":4,"column":45}},"3":{"start":{"line":12,"column":34},"end":{"line":39,"column":null}},"4":{"start":{"line":40,"column":24},"end":{"line":40,"column":null}},"5":{"start":{"line":40,"column":30},"end":{"line":46,"column":null}},"6":{"start":{"line":42,"column":42},"end":{"line":44,"column":10}},"7":{"start":{"line":40,"column":13},"end":{"line":40,"column":24}},"8":{"start":{"line":48,"column":0},"end":{"line":48,"column":null}}},"fnMap":{"0":{"name":"(anonymous_8)","decl":{"start":{"line":40,"column":24},"end":{"line":40,"column":30}},"loc":{"start":{"line":40,"column":24},"end":{"line":40,"column":null}}},"1":{"name":"(anonymous_9)","decl":{"start":{"line":42,"column":22},"end":{"line":42,"column":23}},"loc":{"start":{"line":42,"column":37},"end":{"line":42,"column":null}}}},"branchMap":{},"s":{"0":3,"1":3,"2":3,"3":3,"4":3,"5":9,"6":36,"7":3,"8":3},"f":{"0":9,"1":36},"b":{}}
,"/Users/christhoval/Documents/dev/react/simple-personal-web/src/organims/Socials.tsx": {"path":"/Users/christhoval/Documents/dev/react/simple-personal-web/src/organims/Socials.tsx","statementMap":{"0":{"start":{"line":1,"column":0},"end":{"line":1,"column":30}},"1":{"start":{"line":3,"column":0},"end":{"line":3,"column":45}},"2":{"start":{"line":4,"column":0},"end":{"line":4,"column":47}},"3":{"start":{"line":7,"column":27},"end":{"line":12,"column":null}},"4":{"start":{"line":14,"column":23},"end":{"line":14,"column":null}},"5":{"start":{"line":14,"column":29},"end":{"line":22,"column":null}},"6":{"start":{"line":16,"column":25},"end":{"line":16,"column":27}},"7":{"start":{"line":16,"column":30},"end":{"line":16,"column":37}},"8":{"start":{"line":16,"column":42},"end":{"line":20,"column":10}},"9":{"start":{"line":14,"column":13},"end":{"line":14,"column":23}},"10":{"start":{"line":24,"column":0},"end":{"line":24,"column":null}}},"fnMap":{"0":{"name":"(anonymous_6)","decl":{"start":{"line":14,"column":23},"end":{"line":14,"column":29}},"loc":{"start":{"line":14,"column":23},"end":{"line":14,"column":null}}},"1":{"name":"(anonymous_7)","decl":{"start":{"line":16,"column":19},"end":{"line":16,"column":20}},"loc":{"start":{"line":16,"column":37},"end":{"line":16,"column":null}}}},"branchMap":{},"s":{"0":3,"1":3,"2":3,"3":3,"4":3,"5":9,"6":36,"7":36,"8":36,"9":3,"10":3},"f":{"0":9,"1":36},"b":{}}
,"/Users/christhoval/Documents/dev/react/simple-personal-web/src/screens/Main.tsx": {"path":"/Users/christhoval/Documents/dev/react/simple-personal-web/src/screens/Main.tsx","statementMap":{"0":{"start":{"line":1,"column":0},"end":{"line":1,"column":30}},"1":{"start":{"line":3,"column":0},"end":{"line":3,"column":36}},"2":{"start":{"line":4,"column":0},"end":{"line":4,"column":46}},"3":{"start":{"line":5,"column":0},"end":{"line":5,"column":44}},"4":{"start":{"line":6,"column":0},"end":{"line":6,"column":44}},"5":{"start":{"line":8,"column":0},"end":{"line":8,"column":43}},"6":{"start":{"line":10,"column":20},"end":{"line":10,"column":null}},"7":{"start":{"line":10,"column":26},"end":{"line":17,"column":null}},"8":{"start":{"line":10,"column":13},"end":{"line":10,"column":20}},"9":{"start":{"line":19,"column":0},"end":{"line":19,"column":null}}},"fnMap":{"0":{"name":"(anonymous_6)","decl":{"start":{"line":10,"column":20},"end":{"line":10,"column":26}},"loc":{"start":{"line":10,"column":20},"end":{"line":10,"column":null}}}},"branchMap":{},"s":{"0":2,"1":2,"2":2,"3":2,"4":2,"5":2,"6":2,"7":5,"8":2,"9":2},"f":{"0":5},"b":{}}
,"/Users/christhoval/Documents/dev/react/simple-personal-web/src/store/index.tsx": {"path":"/Users/christhoval/Documents/dev/react/simple-personal-web/src/store/index.tsx","statementMap":{"0":{"start":{"line":1,"column":0},"end":{"line":1,"column":34}},"1":{"start":{"line":2,"column":0},"end":{"line":2,"column":47}},"2":{"start":{"line":12,"column":28},"end":{"line":14,"column":null}},"3":{"start":{"line":16,"column":16},"end":{"line":26,"column":1}},"4":{"start":{"line":17,"column":4},"end":{"line":25,"column":null}},"5":{"start":{"line":19,"column":12},"end":{"line":21,"column":null}},"6":{"start":{"line":24,"column":12},"end":{"line":24,"column":null}},"7":{"start":{"line":28,"column":24},"end":{"line":28,"column":40}},"8":{"start":{"line":28,"column":30},"end":{"line":28,"column":null}},"9":{"start":{"line":28,"column":13},"end":{"line":28,"column":24}},"10":{"start":{"line":31,"column":4},"end":{"line":33,"column":null}}},"fnMap":{"0":{"name":"(anonymous_2)","decl":{"start":{"line":16,"column":16},"end":{"line":16,"column":17}},"loc":{"start":{"line":16,"column":45},"end":{"line":26,"column":1}}},"1":{"name":"(anonymous_3)","decl":{"start":{"line":28,"column":24},"end":{"line":28,"column":30}},"loc":{"start":{"line":28,"column":24},"end":{"line":28,"column":40}}}},"branchMap":{"0":{"loc":{"start":{"line":18,"column":8},"end":{"line":21,"column":null}},"type":"switch","locations":[{"start":{"line":18,"column":8},"end":{"line":21,"column":null}},{"start":{"line":23,"column":8},"end":{"line":24,"column":null}}]}},"s":{"0":9,"1":9,"2":9,"3":9,"4":2,"5":2,"6":0,"7":9,"8":49,"9":9,"10":9},"f":{"0":2,"1":49},"b":{"0":[2,0]}}
,"/Users/christhoval/Documents/dev/react/simple-personal-web/src/templates/Single.tsx": {"path":"/Users/christhoval/Documents/dev/react/simple-personal-web/src/templates/Single.tsx","statementMap":{"0":{"start":{"line":1,"column":0},"end":{"line":1,"column":30}},"1":{"start":{"line":2,"column":0},"end":{"line":2,"column":38}},"2":{"start":{"line":4,"column":18},"end":{"line":6,"column":null}},"3":{"start":{"line":8,"column":16},"end":{"line":12,"column":null}},"4":{"start":{"line":18,"column":22},"end":{"line":24,"column":1}},"5":{"start":{"line":18,"column":33},"end":{"line":18,"column":42}},"6":{"start":{"line":19,"column":4},"end":{"line":23,"column":null}},"7":{"start":{"line":18,"column":13},"end":{"line":18,"column":22}},"8":{"start":{"line":26,"column":0},"end":{"line":26,"column":null}}},"fnMap":{"0":{"name":"(anonymous_8)","decl":{"start":{"line":18,"column":22},"end":{"line":18,"column":23}},"loc":{"start":{"line":18,"column":42},"end":{"line":24,"column":1}}}},"branchMap":{"0":{"loc":{"start":{"line":4,"column":28},"end":{"line":4,"column":null}},"type":"binary-expr","locations":[{"start":{"line":4,"column":28},"end":{"line":4,"column":null}},{"start":{"line":4,"column":28},"end":{"line":6,"column":null}}]},"1":{"loc":{"start":{"line":8,"column":27},"end":{"line":8,"column":null}},"type":"binary-expr","locations":[{"start":{"line":8,"column":27},"end":{"line":8,"column":null}},{"start":{"line":8,"column":27},"end":{"line":12,"column":null}}]}},"s":{"0":3,"1":3,"2":3,"3":3,"4":3,"5":7,"6":7,"7":3,"8":3},"f":{"0":7},"b":{"0":[3,3],"1":[3,3]}}
,"/Users/christhoval/Documents/dev/react/simple-personal-web/src/theme/dark.ts": {"path":"/Users/christhoval/Documents/dev/react/simple-personal-web/src/theme/dark.ts","statementMap":{"0":{"start":{"line":3,"column":13},"end":{"line":11,"column":null}}},"fnMap":{},"branchMap":{},"s":{"0":8},"f":{},"b":{}}
,"/Users/christhoval/Documents/dev/react/simple-personal-web/src/theme/index.tsx": {"path":"/Users/christhoval/Documents/dev/react/simple-personal-web/src/theme/index.tsx","statementMap":{"0":{"start":{"line":1,"column":0},"end":{"line":1,"column":25}},"1":{"start":{"line":2,"column":0},"end":{"line":2,"column":55}},"2":{"start":{"line":4,"column":0},"end":{"line":4,"column":43}},"3":{"start":{"line":5,"column":0},"end":{"line":5,"column":52}},"4":{"start":{"line":6,"column":0},"end":{"line":6,"column":36}},"5":{"start":{"line":7,"column":0},"end":{"line":7,"column":34}},"6":{"start":{"line":13,"column":29},"end":{"line":21,"column":1}},"7":{"start":{"line":13,"column":40},"end":{"line":13,"column":49}},"8":{"start":{"line":14,"column":20},"end":{"line":14,"column":null}},"9":{"start":{"line":15,"column":4},"end":{"line":20,"column":null}},"10":{"start":{"line":13,"column":13},"end":{"line":13,"column":29}},"11":{"start":{"line":23,"column":0},"end":{"line":23,"column":null}}},"fnMap":{"0":{"name":"(anonymous_1)","decl":{"start":{"line":13,"column":29},"end":{"line":13,"column":30}},"loc":{"start":{"line":13,"column":49},"end":{"line":21,"column":1}}}},"branchMap":{"0":{"loc":{"start":{"line":16,"column":39},"end":{"line":16,"column":49}},"type":"cond-expr","locations":[{"start":{"line":16,"column":39},"end":{"line":16,"column":49}},{"start":{"line":16,"column":52},"end":{"line":16,"column":61}}]}},"s":{"0":8,"1":8,"2":8,"3":8,"4":8,"5":8,"6":8,"7":24,"8":24,"9":24,"10":8,"11":8},"f":{"0":24},"b":{"0":[22,2]}}
,"/Users/christhoval/Documents/dev/react/simple-personal-web/src/theme/light.ts": {"path":"/Users/christhoval/Documents/dev/react/simple-personal-web/src/theme/light.ts","statementMap":{"0":{"start":{"line":3,"column":13},"end":{"line":11,"column":null}}},"fnMap":{},"branchMap":{},"s":{"0":8},"f":{},"b":{}}
}
