TN:
SF:src/App.tsx
FN:7,(anonymous_6)
FNF:1
FNH:1
FNDA:3,(anonymous_6)
DA:1,1
DA:3,1
DA:4,1
DA:5,1
DA:7,3
DA:15,1
LF:6
LH:6
BRF:0
BRH:0
end_of_record
TN:
SF:src/globals.d.ts
FNF:0
FNH:0
LF:0
LH:0
BRF:0
BRH:0
end_of_record
TN:
SF:src/styles.d.ts
FNF:0
FNH:0
LF:0
LH:0
BRF:0
BRH:0
end_of_record
TN:
SF:src/atoms/Logo.tsx
FN:18,(anonymous_8)
FN:21,(anonymous_9)
FN:24,(anonymous_10)
FNF:3
FNH:3
FNDA:12,(anonymous_8)
FNDA:12,(anonymous_9)
FNDA:12,(anonymous_10)
DA:1,4
DA:2,4
DA:8,4
DA:18,12
DA:21,12
DA:24,12
DA:36,4
LF:7
LH:7
BRDA:8,0,0,4
BRDA:8,0,1,4
BRDA:21,1,0,1
BRDA:21,1,1,11
BRDA:26,2,0,12
BRDA:26,2,1,11
BRF:6
BRH:6
end_of_record
TN:
SF:src/atoms/SocialLink.tsx
FN:12,(anonymous_11)
FNF:1
FNH:1
FNDA:38,(anonymous_11)
DA:1,4
DA:2,4
DA:4,4
DA:12,38
DA:23,4
LF:5
LH:5
BRDA:4,0,0,4
BRDA:4,0,1,4
BRF:2
BRH:2
end_of_record
TN:
SF:src/atoms/Title.tsx
FN:15,(anonymous_8)
FNF:1
FNH:1
FNDA:32,(anonymous_8)
DA:1,8
DA:2,8
DA:4,8
DA:15,32
DA:17,8
LF:5
LH:5
BRDA:4,0,0,8
BRDA:4,0,1,8
BRF:2
BRH:2
end_of_record
TN:
SF:src/config/globalStyles.ts
FN:22,(anonymous_1)
FN:126,(anonymous_2)
FNF:2
FNH:2
FNDA:23,(anonymous_1)
FNDA:23,(anonymous_2)
DA:1,8
DA:3,8
DA:22,23
DA:126,23
LF:4
LH:4
BRDA:3,0,0,8
BRDA:3,0,1,8
BRF:2
BRH:2
end_of_record
TN:
SF:src/hooks/useTheme.tsx
FN:3,(anonymous_0)
FN:7,(anonymous_1)
FNF:2
FNH:2
FNDA:27,(anonymous_0)
FNDA:1,(anonymous_1)
DA:1,8
DA:3,8
DA:4,27
DA:5,27
DA:7,27
DA:8,27
LF:6
LH:6
BRF:0
BRH:0
end_of_record
TN:
SF:src/hooks/useVisibility.tsx
FN:11,useVisibility
FN:18,(anonymous_2)
FN:28,(anonymous_3)
FN:30,(anonymous_4)
FNF:4
FNH:3
FNDA:10,useVisibility
FNDA:0,(anonymous_2)
FNDA:10,(anonymous_3)
FNDA:10,(anonymous_4)
DA:2,4
DA:3,4
DA:11,4
DA:12,12
DA:13,20
DA:15,10
DA:16,10
DA:18,10
DA:19,0
DA:20,0
DA:21,0
DA:24,0
DA:25,0
DA:28,10
DA:29,10
DA:30,10
DA:33,10
DA:36,4
LF:18
LH:13
BRDA:12,0,0,2
BRDA:12,0,1,8
BRDA:13,1,0,10
BRDA:13,1,1,0
BRDA:19,2,0,0
BRDA:19,2,1,0
BRF:6
BRH:3
end_of_record
TN:
SF:src/molecules/Project.tsx
FN:15,(anonymous_2)
FN:17,(anonymous_3)
FN:45,(anonymous_4)
FNF:3
FNH:3
FNDA:39,(anonymous_2)
FNDA:39,(anonymous_3)
FNDA:39,(anonymous_4)
DA:1,4
DA:2,4
DA:4,4
DA:8,4
DA:15,39
DA:17,39
DA:45,39
DA:56,4
LF:8
LH:8
BRDA:4,0,0,4
BRDA:4,0,1,4
BRDA:8,1,0,4
BRDA:8,1,1,4
BRDA:47,2,0,39
BRDA:47,2,1,9
BRF:6
BRH:6
end_of_record
TN:
SF:src/molecules/Section.tsx
FN:9,(anonymous_4)
FNF:1
FNH:1
FNDA:39,(anonymous_4)
DA:1,7
DA:3,7
DA:9,39
DA:16,7
LF:4
LH:4
BRDA:11,0,0,39
BRDA:11,0,1,30
BRF:2
BRH:2
end_of_record
TN:
SF:src/organims/Bio.tsx
FN:8,(anonymous_6)
FNF:1
FNH:1
FNDA:8,(anonymous_6)
DA:1,3
DA:3,3
DA:4,3
DA:6,3
DA:8,3
DA:9,8
DA:11,8
DA:24,3
LF:8
LH:8
BRF:0
BRH:0
end_of_record
TN:
SF:src/organims/Clients.tsx
FN:14,(anonymous_6)
FNF:1
FNH:1
FNDA:9,(anonymous_6)
DA:1,3
DA:3,3
DA:5,3
DA:14,9
DA:18,3
LF:5
LH:5
BRF:0
BRH:0
end_of_record
TN:
SF:src/organims/Projects.tsx
FN:40,(anonymous_8)
FN:42,(anonymous_9)
FNF:2
FNH:2
FNDA:9,(anonymous_8)
FNDA:36,(anonymous_9)
DA:1,3
DA:3,3
DA:4,3
DA:12,3
DA:40,9
DA:42,36
DA:48,3
LF:7
LH:7
BRF:0
BRH:0
end_of_record
TN:
SF:src/organims/Socials.tsx
FN:14,(anonymous_6)
FN:16,(anonymous_7)
FNF:2
FNH:2
FNDA:9,(anonymous_6)
FNDA:36,(anonymous_7)
DA:1,3
DA:3,3
DA:4,3
DA:7,3
DA:14,9
DA:16,36
DA:24,3
LF:7
LH:7
BRF:0
BRH:0
end_of_record
TN:
SF:src/screens/Main.tsx
FN:10,(anonymous_6)
FNF:1
FNH:1
FNDA:5,(anonymous_6)
DA:1,2
DA:3,2
DA:4,2
DA:5,2
DA:6,2
DA:8,2
DA:10,5
DA:19,2
LF:8
LH:8
BRF:0
BRH:0
end_of_record
TN:
SF:src/store/index.tsx
FN:16,(anonymous_2)
FN:28,(anonymous_3)
FNF:2
FNH:2
FNDA:2,(anonymous_2)
FNDA:49,(anonymous_3)
DA:1,9
DA:2,9
DA:12,9
DA:16,9
DA:17,2
DA:19,2
DA:24,0
DA:28,49
DA:31,9
LF:9
LH:8
BRDA:18,0,0,2
BRDA:18,0,1,0
BRF:2
BRH:1
end_of_record
TN:
SF:src/templates/Single.tsx
FN:18,(anonymous_8)
FNF:1
FNH:1
FNDA:7,(anonymous_8)
DA:1,3
DA:2,3
DA:4,3
DA:8,3
DA:18,7
DA:19,7
DA:26,3
LF:7
LH:7
BRDA:4,0,0,3
BRDA:4,0,1,3
BRDA:8,1,0,3
BRDA:8,1,1,3
BRF:4
BRH:4
end_of_record
TN:
SF:src/theme/dark.ts
FNF:0
FNH:0
DA:3,8
LF:1
LH:1
BRF:0
BRH:0
end_of_record
TN:
SF:src/theme/index.tsx
FN:13,(anonymous_1)
FNF:1
FNH:1
FNDA:24,(anonymous_1)
DA:1,8
DA:2,8
DA:4,8
DA:5,8
DA:6,8
DA:7,8
DA:13,24
DA:14,24
DA:15,24
DA:23,8
LF:10
LH:10
BRDA:16,0,0,22
BRDA:16,0,1,2
BRF:2
BRH:2
end_of_record
TN:
SF:src/theme/light.ts
FNF:0
FNH:0
DA:3,8
LF:1
LH:1
BRF:0
BRH:0
end_of_record
